Copyright 1986-2022 Xilinx, Inc. All Rights Reserved.
------------------------------------------------------------------------------------------------------------------------------------------------------------------------------------------------------
| Tool Version : Vivado v.2022.2 (lin64) Build 3671981 Fri Oct 14 04:59:54 MDT 2022
| Date         : Sat May  9 02:32:07 2026
| Host         : banurea running 64-bit Zorin OS 18.1
| Command      : report_timing_summary -max_paths 10 -report_unconstrained -file top_timing_summary_routed.rpt -pb top_timing_summary_routed.pb -rpx top_timing_summary_routed.rpx -warn_on_violation
| Design       : top
| Device       : 7a100t-csg324
| Speed File   : -1  PRODUCTION 1.23 2018-06-13
------------------------------------------------------------------------------------------------------------------------------------------------------------------------------------------------------

Timing Summary Report

------------------------------------------------------------------------------------------------
| Timer Settings
| --------------
------------------------------------------------------------------------------------------------

  Enable Multi Corner Analysis               :  Yes
  Enable Pessimism Removal                   :  Yes
  Pessimism Removal Resolution               :  Nearest Common Node
  Enable Input Delay Default Clock           :  No
  Enable Preset / Clear Arcs                 :  No
  Disable Flight Delays                      :  No
  Ignore I/O Paths                           :  No
  Timing Early Launch at Borrowing Latches   :  No
  Borrow Time for Max Delay Exceptions       :  Yes
  Merge Timing Exceptions                    :  Yes

  Corner  Analyze    Analyze    
  Name    Max Paths  Min Paths  
  ------  ---------  ---------  
  Slow    Yes        Yes        
  Fast    Yes        Yes        


------------------------------------------------------------------------------------------------
| Report Methodology
| ------------------
------------------------------------------------------------------------------------------------

Rule       Severity          Description                  Violations  
---------  ----------------  ---------------------------  ----------  
TIMING-17  Critical Warning  Non-clocked sequential cell  128         

Note: This report is based on the most recent report_methodology run and may not be up-to-date. Run report_methodology on the current design for the latest report.



check_timing report

Table of Contents
-----------------
1. checking no_clock (128)
2. checking constant_clock (0)
3. checking pulse_width_clock (0)
4. checking unconstrained_internal_endpoints (207)
5. checking no_input_delay (5)
6. checking no_output_delay (17)
7. checking multiple_clock (0)
8. checking generated_clocks (0)
9. checking loops (0)
10. checking partial_input_delay (0)
11. checking partial_output_delay (0)
12. checking latch_loops (0)

1. checking no_clock (128)
--------------------------
 There are 128 register/latch pins with no clock driven by root clock pin: clk_100MHz (HIGH)


2. checking constant_clock (0)
------------------------------
 There are 0 register/latch pins with constant_clock.


3. checking pulse_width_clock (0)
---------------------------------
 There are 0 register/latch pins which need pulse_width check


4. checking unconstrained_internal_endpoints (207)
--------------------------------------------------
 There are 207 pins that are not constrained for maximum delay. (HIGH)

 There are 0 pins that are not constrained for maximum delay due to constant clock.


5. checking no_input_delay (5)
------------------------------
 There are 5 input ports with no input delay specified. (HIGH)

 There are 0 input ports with no input delay but user has a false path constraint.


6. checking no_output_delay (17)
--------------------------------
 There are 17 ports with no output delay specified. (HIGH)

 There are 0 ports with no output delay but user has a false path constraint

 There are 0 ports with no output delay but with a timing clock defined on it or propagating through it


7. checking multiple_clock (0)
------------------------------
 There are 0 register/latch pins with multiple clocks.


8. checking generated_clocks (0)
--------------------------------
 There are 0 generated clocks that are not connected to a clock source.


9. checking loops (0)
---------------------
 There are 0 combinational loops in the design.


10. checking partial_input_delay (0)
------------------------------------
 There are 0 input ports with partial input delay specified.


11. checking partial_output_delay (0)
-------------------------------------
 There are 0 ports with partial output delay specified.


12. checking latch_loops (0)
----------------------------
 There are 0 combinational latch loops in the design through latch input



------------------------------------------------------------------------------------------------
| Design Timing Summary
| ---------------------
------------------------------------------------------------------------------------------------

    WNS(ns)      TNS(ns)  TNS Failing Endpoints  TNS Total Endpoints      WHS(ns)      THS(ns)  THS Failing Endpoints  THS Total Endpoints     WPWS(ns)     TPWS(ns)  TPWS Failing Endpoints  TPWS Total Endpoints  
    -------      -------  ---------------------  -------------------      -------      -------  ---------------------  -------------------     --------     --------  ----------------------  --------------------  
        inf        0.000                      0                  224          inf        0.000                      0                  224           NA           NA                      NA                    NA  


There are no user specified timing constraints.


------------------------------------------------------------------------------------------------
| Clock Summary
| -------------
------------------------------------------------------------------------------------------------


------------------------------------------------------------------------------------------------
| Intra Clock Table
| -----------------
------------------------------------------------------------------------------------------------

Clock             WNS(ns)      TNS(ns)  TNS Failing Endpoints  TNS Total Endpoints      WHS(ns)      THS(ns)  THS Failing Endpoints  THS Total Endpoints     WPWS(ns)     TPWS(ns)  TPWS Failing Endpoints  TPWS Total Endpoints  
-----             -------      -------  ---------------------  -------------------      -------      -------  ---------------------  -------------------     --------     --------  ----------------------  --------------------  


------------------------------------------------------------------------------------------------
| Inter Clock Table
| -----------------
------------------------------------------------------------------------------------------------

From Clock    To Clock          WNS(ns)      TNS(ns)  TNS Failing Endpoints  TNS Total Endpoints      WHS(ns)      THS(ns)  THS Failing Endpoints  THS Total Endpoints  
----------    --------          -------      -------  ---------------------  -------------------      -------      -------  ---------------------  -------------------  


------------------------------------------------------------------------------------------------
| Other Path Groups Table
| -----------------------
------------------------------------------------------------------------------------------------

Path Group    From Clock    To Clock          WNS(ns)      TNS(ns)  TNS Failing Endpoints  TNS Total Endpoints      WHS(ns)      THS(ns)  THS Failing Endpoints  THS Total Endpoints  
----------    ----------    --------          -------      -------  ---------------------  -------------------      -------      -------  ---------------------  -------------------  


------------------------------------------------------------------------------------------------
| User Ignored Path Table
| -----------------------
------------------------------------------------------------------------------------------------

Path Group    From Clock    To Clock    
----------    ----------    --------    


------------------------------------------------------------------------------------------------
| Unconstrained Path Table
| ------------------------
------------------------------------------------------------------------------------------------

Path Group    From Clock    To Clock    
----------    ----------    --------    
(none)                                    


------------------------------------------------------------------------------------------------
| Timing Details
| --------------
------------------------------------------------------------------------------------------------


--------------------------------------------------------------------------------------
Path Group:  (none)
From Clock:  
  To Clock:  

Max Delay           224 Endpoints
Min Delay           224 Endpoints
--------------------------------------------------------------------------------------


Max Delay Paths
--------------------------------------------------------------------------------------
Slack:                    inf
  Source:                 sw[2]
                            (input port)
  Destination:            seg[0]
                            (output port)
  Path Group:             (none)
  Path Type:              Max at Slow Process Corner
  Data Path Delay:        11.813ns  (logic 5.894ns (49.897%)  route 5.919ns (50.103%))
  Logic Levels:           5  (IBUF=1 LUT4=1 LUT5=2 OBUF=1)

    Location             Delay type                Incr(ns)  Path(ns)    Netlist Resource(s)
  -------------------------------------------------------------------    -------------------
    M13                                               0.000     0.000 r  sw[2] (IN)
                         net (fo=0)                   0.000     0.000    sw[2]
    M13                  IBUF (Prop_ibuf_I_O)         1.485     1.485 r  sw_IBUF[2]_inst/O
                         net (fo=8, routed)           1.904     3.389    disp/sw_IBUF[2]
    SLICE_X1Y84          LUT4 (Prop_lut4_I3_O)        0.152     3.541 r  disp/seg_OBUF[0]_inst_i_4/O
                         net (fo=1, routed)           0.578     4.119    disp/seg_OBUF[0]_inst_i_4_n_0
    SLICE_X1Y85          LUT5 (Prop_lut5_I0_O)        0.326     4.445 r  disp/seg_OBUF[0]_inst_i_2/O
                         net (fo=1, routed)           0.665     5.110    disp/seg_OBUF[0]_inst_i_2_n_0
    SLICE_X1Y85          LUT5 (Prop_lut5_I0_O)        0.152     5.262 r  disp/seg_OBUF[0]_inst_i_1/O
                         net (fo=1, routed)           2.772     8.034    seg_OBUF[0]
    T10                  OBUF (Prop_obuf_I_O)         3.779    11.813 r  seg_OBUF[0]_inst/O
                         net (fo=0)                   0.000    11.813    seg[0]
    T10                                                               r  seg[0] (OUT)
  -------------------------------------------------------------------    -------------------

Slack:                    inf
  Source:                 disp/scan_reg[16]/C
                            (rising edge-triggered cell FDRE)
  Destination:            an[6]
                            (output port)
  Path Group:             (none)
  Path Type:              Max at Slow Process Corner
  Data Path Delay:        10.393ns  (logic 4.160ns (40.024%)  route 6.233ns (59.976%))
  Logic Levels:           3  (FDRE=1 LUT3=1 OBUF=1)

    Location             Delay type                Incr(ns)  Path(ns)    Netlist Resource(s)
  -------------------------------------------------------------------    -------------------
    SLICE_X2Y89          FDRE                         0.000     0.000 r  disp/scan_reg[16]/C
    SLICE_X2Y89          FDRE (Prop_fdre_C_Q)         0.518     0.518 f  disp/scan_reg[16]/Q
                         net (fo=25, routed)          1.473     1.991    disp/sel[1]
    SLICE_X3Y85          LUT3 (Prop_lut3_I2_O)        0.124     2.115 r  disp/an_OBUF[6]_inst_i_1/O
                         net (fo=1, routed)           4.760     6.875    an_OBUF[6]
    K2                   OBUF (Prop_obuf_I_O)         3.518    10.393 r  an_OBUF[6]_inst/O
                         net (fo=0)                   0.000    10.393    an[6]
    K2                                                                r  an[6] (OUT)
  -------------------------------------------------------------------    -------------------

Slack:                    inf
  Source:                 sw[1]
                            (input port)
  Destination:            seg[1]
                            (output port)
  Path Group:             (none)
  Path Type:              Max at Slow Process Corner
  Data Path Delay:        10.257ns  (logic 5.283ns (51.507%)  route 4.974ns (48.493%))
  Logic Levels:           4  (IBUF=1 LUT5=1 LUT6=1 OBUF=1)

    Location             Delay type                Incr(ns)  Path(ns)    Netlist Resource(s)
  -------------------------------------------------------------------    -------------------
    L16                                               0.000     0.000 r  sw[1] (IN)
                         net (fo=0)                   0.000     0.000    sw[1]
    L16                  IBUF (Prop_ibuf_I_O)         1.480     1.480 r  sw_IBUF[1]_inst/O
                         net (fo=8, routed)           1.901     3.381    disp/sw_IBUF[1]
    SLICE_X3Y85          LUT6 (Prop_lut6_I4_O)        0.124     3.505 r  disp/seg_OBUF[1]_inst_i_2/O
                         net (fo=1, routed)           0.154     3.659    disp/seg_OBUF[1]_inst_i_2_n_0
    SLICE_X3Y85          LUT5 (Prop_lut5_I3_O)        0.124     3.783 r  disp/seg_OBUF[1]_inst_i_1/O
                         net (fo=1, routed)           2.919     6.701    seg_OBUF[1]
    R10                  OBUF (Prop_obuf_I_O)         3.555    10.257 r  seg_OBUF[1]_inst/O
                         net (fo=0)                   0.000    10.257    seg[1]
    R10                                                               r  seg[1] (OUT)
  -------------------------------------------------------------------    -------------------

Slack:                    inf
  Source:                 sw[0]
                            (input port)
  Destination:            seg[2]
                            (output port)
  Path Group:             (none)
  Path Type:              Max at Slow Process Corner
  Data Path Delay:        10.062ns  (logic 5.219ns (51.867%)  route 4.843ns (48.133%))
  Logic Levels:           4  (IBUF=1 LUT5=1 LUT6=1 OBUF=1)

    Location             Delay type                Incr(ns)  Path(ns)    Netlist Resource(s)
  -------------------------------------------------------------------    -------------------
    J15                                               0.000     0.000 r  sw[0] (IN)
                         net (fo=0)                   0.000     0.000    sw[0]
    J15                  IBUF (Prop_ibuf_I_O)         1.478     1.478 r  sw_IBUF[0]_inst/O
                         net (fo=8, routed)           1.950     3.428    disp/sw_IBUF[0]
    SLICE_X3Y86          LUT6 (Prop_lut6_I3_O)        0.124     3.552 r  disp/seg_OBUF[2]_inst_i_3/O
                         net (fo=1, routed)           0.642     4.194    disp/seg_OBUF[2]_inst_i_3_n_0
    SLICE_X3Y86          LUT5 (Prop_lut5_I3_O)        0.124     4.318 r  disp/seg_OBUF[2]_inst_i_1/O
                         net (fo=1, routed)           2.250     6.569    seg_OBUF[2]
    K16                  OBUF (Prop_obuf_I_O)         3.493    10.062 r  seg_OBUF[2]_inst/O
                         net (fo=0)                   0.000    10.062    seg[2]
    K16                                                               r  seg[2] (OUT)
  -------------------------------------------------------------------    -------------------

Slack:                    inf
  Source:                 sw[0]
                            (input port)
  Destination:            seg[3]
                            (output port)
  Path Group:             (none)
  Path Type:              Max at Slow Process Corner
  Data Path Delay:        9.915ns  (logic 5.544ns (55.912%)  route 4.371ns (44.088%))
  Logic Levels:           4  (IBUF=1 LUT5=1 MUXF7=1 OBUF=1)

    Location             Delay type                Incr(ns)  Path(ns)    Netlist Resource(s)
  -------------------------------------------------------------------    -------------------
    J15                                               0.000     0.000 r  sw[0] (IN)
                         net (fo=0)                   0.000     0.000    sw[0]
    J15                  IBUF (Prop_ibuf_I_O)         1.478     1.478 r  sw_IBUF[0]_inst/O
                         net (fo=8, routed)           1.700     3.178    disp/sw_IBUF[0]
    SLICE_X1Y86          LUT5 (Prop_lut5_I2_O)        0.124     3.302 r  disp/seg_OBUF[3]_inst_i_3/O
                         net (fo=1, routed)           0.000     3.302    disp/seg_OBUF[3]_inst_i_3_n_0
    SLICE_X1Y86          MUXF7 (Prop_muxf7_I1_O)      0.217     3.519 r  disp/seg_OBUF[3]_inst_i_1/O
                         net (fo=1, routed)           2.671     6.190    seg_OBUF[3]
    K13                  OBUF (Prop_obuf_I_O)         3.725     9.915 r  seg_OBUF[3]_inst/O
                         net (fo=0)                   0.000     9.915    seg[3]
    K13                                                               r  seg[3] (OUT)
  -------------------------------------------------------------------    -------------------

Slack:                    inf
  Source:                 sw[2]
                            (input port)
  Destination:            seg[4]
                            (output port)
  Path Group:             (none)
  Path Type:              Max at Slow Process Corner
  Data Path Delay:        9.539ns  (logic 5.267ns (55.213%)  route 4.272ns (44.787%))
  Logic Levels:           4  (IBUF=1 LUT3=1 LUT6=1 OBUF=1)

    Location             Delay type                Incr(ns)  Path(ns)    Netlist Resource(s)
  -------------------------------------------------------------------    -------------------
    M13                                               0.000     0.000 r  sw[2] (IN)
                         net (fo=0)                   0.000     0.000    sw[2]
    M13                  IBUF (Prop_ibuf_I_O)         1.485     1.485 r  sw_IBUF[2]_inst/O
                         net (fo=8, routed)           1.904     3.389    disp/sw_IBUF[2]
    SLICE_X1Y84          LUT3 (Prop_lut3_I0_O)        0.124     3.513 f  disp/seg_OBUF[4]_inst_i_4/O
                         net (fo=1, routed)           0.264     3.777    disp/seg_OBUF[4]_inst_i_4_n_0
    SLICE_X1Y84          LUT6 (Prop_lut6_I5_O)        0.124     3.901 r  disp/seg_OBUF[4]_inst_i_1/O
                         net (fo=1, routed)           2.104     6.005    seg_OBUF[4]
    P15                  OBUF (Prop_obuf_I_O)         3.534     9.539 r  seg_OBUF[4]_inst/O
                         net (fo=0)                   0.000     9.539    seg[4]
    P15                                                               r  seg[4] (OUT)
  -------------------------------------------------------------------    -------------------

Slack:                    inf
  Source:                 sw[0]
                            (input port)
  Destination:            seg[5]
                            (output port)
  Path Group:             (none)
  Path Type:              Max at Slow Process Corner
  Data Path Delay:        9.411ns  (logic 5.162ns (54.855%)  route 4.248ns (45.145%))
  Logic Levels:           3  (IBUF=1 LUT6=1 OBUF=1)

    Location             Delay type                Incr(ns)  Path(ns)    Netlist Resource(s)
  -------------------------------------------------------------------    -------------------
    J15                                               0.000     0.000 r  sw[0] (IN)
                         net (fo=0)                   0.000     0.000    sw[0]
    J15                  IBUF (Prop_ibuf_I_O)         1.478     1.478 r  sw_IBUF[0]_inst/O
                         net (fo=8, routed)           1.890     3.368    disp/sw_IBUF[0]
    SLICE_X1Y84          LUT6 (Prop_lut6_I3_O)        0.124     3.492 r  disp/seg_OBUF[5]_inst_i_1/O
                         net (fo=1, routed)           2.358     5.850    seg_OBUF[5]
    T11                  OBUF (Prop_obuf_I_O)         3.561     9.411 r  seg_OBUF[5]_inst/O
                         net (fo=0)                   0.000     9.411    seg[5]
    T11                                                               r  seg[5] (OUT)
  -------------------------------------------------------------------    -------------------

Slack:                    inf
  Source:                 disp/scan_reg[15]/C
                            (rising edge-triggered cell FDRE)
  Destination:            an[7]
                            (output port)
  Path Group:             (none)
  Path Type:              Max at Slow Process Corner
  Data Path Delay:        9.109ns  (logic 4.431ns (48.650%)  route 4.677ns (51.350%))
  Logic Levels:           3  (FDRE=1 LUT3=1 OBUF=1)

    Location             Delay type                Incr(ns)  Path(ns)    Netlist Resource(s)
  -------------------------------------------------------------------    -------------------
    SLICE_X2Y88          FDRE                         0.000     0.000 r  disp/scan_reg[15]/C
    SLICE_X2Y88          FDRE (Prop_fdre_C_Q)         0.518     0.518 f  disp/scan_reg[15]/Q
                         net (fo=28, routed)          1.949     2.467    disp/sel[0]
    SLICE_X1Y83          LUT3 (Prop_lut3_I2_O)        0.152     2.619 r  disp/an_OBUF[7]_inst_i_1/O
                         net (fo=1, routed)           2.728     5.347    an_OBUF[7]
    U13                  OBUF (Prop_obuf_I_O)         3.761     9.109 r  an_OBUF[7]_inst/O
                         net (fo=0)                   0.000     9.109    an[7]
    U13                                                               r  an[7] (OUT)
  -------------------------------------------------------------------    -------------------

Slack:                    inf
  Source:                 disp/scan_reg[15]/C
                            (rising edge-triggered cell FDRE)
  Destination:            an[2]
                            (output port)
  Path Group:             (none)
  Path Type:              Max at Slow Process Corner
  Data Path Delay:        8.862ns  (logic 4.415ns (49.822%)  route 4.447ns (50.178%))
  Logic Levels:           3  (FDRE=1 LUT3=1 OBUF=1)

    Location             Delay type                Incr(ns)  Path(ns)    Netlist Resource(s)
  -------------------------------------------------------------------    -------------------
    SLICE_X2Y88          FDRE                         0.000     0.000 r  disp/scan_reg[15]/C
    SLICE_X2Y88          FDRE (Prop_fdre_C_Q)         0.518     0.518 r  disp/scan_reg[15]/Q
                         net (fo=28, routed)          1.557     2.075    disp/sel[0]
    SLICE_X1Y83          LUT3 (Prop_lut3_I0_O)        0.120     2.195 r  disp/an_OBUF[2]_inst_i_1/O
                         net (fo=1, routed)           2.890     5.085    an_OBUF[2]
    T9                   OBUF (Prop_obuf_I_O)         3.777     8.862 r  an_OBUF[2]_inst/O
                         net (fo=0)                   0.000     8.862    an[2]
    T9                                                                r  an[2] (OUT)
  -------------------------------------------------------------------    -------------------

Slack:                    inf
  Source:                 disp/scan_reg[17]/C
                            (rising edge-triggered cell FDRE)
  Destination:            seg[7]
                            (output port)
  Path Group:             (none)
  Path Type:              Max at Slow Process Corner
  Data Path Delay:        8.675ns  (logic 4.181ns (48.193%)  route 4.494ns (51.807%))
  Logic Levels:           3  (FDRE=1 LUT3=1 OBUF=1)

    Location             Delay type                Incr(ns)  Path(ns)    Netlist Resource(s)
  -------------------------------------------------------------------    -------------------
    SLICE_X2Y89          FDRE                         0.000     0.000 r  disp/scan_reg[17]/C
    SLICE_X2Y89          FDRE (Prop_fdre_C_Q)         0.518     0.518 r  disp/scan_reg[17]/Q
                         net (fo=23, routed)          1.912     2.430    disp/sel[2]
    SLICE_X1Y85          LUT3 (Prop_lut3_I2_O)        0.124     2.554 r  disp/seg_OBUF[7]_inst_i_1/O
                         net (fo=1, routed)           2.583     5.136    seg_OBUF[7]
    H15                  OBUF (Prop_obuf_I_O)         3.539     8.675 r  seg_OBUF[7]_inst/O
                         net (fo=0)                   0.000     8.675    seg[7]
    H15                                                               r  seg[7] (OUT)
  -------------------------------------------------------------------    -------------------





Min Delay Paths
--------------------------------------------------------------------------------------
Slack:                    inf
  Source:                 d_rst/btn_stable_reg/C
                            (rising edge-triggered cell FDRE)
  Destination:            d_rst/btn_level_reg/D
  Path Group:             (none)
  Path Type:              Min at Fast Process Corner
  Data Path Delay:        0.217ns  (logic 0.141ns (64.847%)  route 0.076ns (35.153%))
  Logic Levels:           1  (FDRE=1)

    Location             Delay type                Incr(ns)  Path(ns)    Netlist Resource(s)
  -------------------------------------------------------------------    -------------------
    SLICE_X4Y81          FDRE                         0.000     0.000 r  d_rst/btn_stable_reg/C
    SLICE_X4Y81          FDRE (Prop_fdre_C_Q)         0.141     0.141 r  d_rst/btn_stable_reg/Q
                         net (fo=4, routed)           0.076     0.217    d_rst/btn_stable_reg_n_0
    SLICE_X4Y81          FDRE                                         r  d_rst/btn_level_reg/D
  -------------------------------------------------------------------    -------------------

Slack:                    inf
  Source:                 d_ent/btn_stable_reg/C
                            (rising edge-triggered cell FDRE)
  Destination:            d_ent/btn_level_reg/D
  Path Group:             (none)
  Path Type:              Min at Fast Process Corner
  Data Path Delay:        0.309ns  (logic 0.148ns (47.962%)  route 0.161ns (52.038%))
  Logic Levels:           1  (FDRE=1)

    Location             Delay type                Incr(ns)  Path(ns)    Netlist Resource(s)
  -------------------------------------------------------------------    -------------------
    SLICE_X2Y84          FDRE                         0.000     0.000 r  d_ent/btn_stable_reg/C
    SLICE_X2Y84          FDRE (Prop_fdre_C_Q)         0.148     0.148 r  d_ent/btn_stable_reg/Q
                         net (fo=5, routed)           0.161     0.309    d_ent/btn_stable_reg_n_0
    SLICE_X2Y84          FDRE                                         r  d_ent/btn_level_reg/D
  -------------------------------------------------------------------    -------------------

Slack:                    inf
  Source:                 d_rst/btn_level_reg/C
                            (rising edge-triggered cell FDRE)
  Destination:            target_reg_reg[0]/CLR
  Path Group:             (none)
  Path Type:              Min at Fast Process Corner
  Data Path Delay:        0.316ns  (logic 0.128ns (40.544%)  route 0.188ns (59.456%))
  Logic Levels:           1  (FDRE=1)

    Location             Delay type                Incr(ns)  Path(ns)    Netlist Resource(s)
  -------------------------------------------------------------------    -------------------
    SLICE_X4Y81          FDRE                         0.000     0.000 r  d_rst/btn_level_reg/C
    SLICE_X4Y81          FDRE (Prop_fdre_C_Q)         0.128     0.128 f  d_rst/btn_level_reg/Q
                         net (fo=36, routed)          0.188     0.316    rst
    SLICE_X1Y85          FDCE                                         f  target_reg_reg[0]/CLR
  -------------------------------------------------------------------    -------------------

Slack:                    inf
  Source:                 d_rst/btn_level_reg/C
                            (rising edge-triggered cell FDRE)
  Destination:            target_reg_reg[1]/CLR
  Path Group:             (none)
  Path Type:              Min at Fast Process Corner
  Data Path Delay:        0.316ns  (logic 0.128ns (40.544%)  route 0.188ns (59.456%))
  Logic Levels:           1  (FDRE=1)

    Location             Delay type                Incr(ns)  Path(ns)    Netlist Resource(s)
  -------------------------------------------------------------------    -------------------
    SLICE_X4Y81          FDRE                         0.000     0.000 r  d_rst/btn_level_reg/C
    SLICE_X4Y81          FDRE (Prop_fdre_C_Q)         0.128     0.128 f  d_rst/btn_level_reg/Q
                         net (fo=36, routed)          0.188     0.316    rst
    SLICE_X1Y85          FDCE                                         f  target_reg_reg[1]/CLR
  -------------------------------------------------------------------    -------------------

Slack:                    inf
  Source:                 d_rst/btn_level_reg/C
                            (rising edge-triggered cell FDRE)
  Destination:            target_reg_reg[2]/CLR
  Path Group:             (none)
  Path Type:              Min at Fast Process Corner
  Data Path Delay:        0.316ns  (logic 0.128ns (40.544%)  route 0.188ns (59.456%))
  Logic Levels:           1  (FDRE=1)

    Location             Delay type                Incr(ns)  Path(ns)    Netlist Resource(s)
  -------------------------------------------------------------------    -------------------
    SLICE_X4Y81          FDRE                         0.000     0.000 r  d_rst/btn_level_reg/C
    SLICE_X4Y81          FDRE (Prop_fdre_C_Q)         0.128     0.128 f  d_rst/btn_level_reg/Q
                         net (fo=36, routed)          0.188     0.316    rst
    SLICE_X1Y85          FDCE                                         f  target_reg_reg[2]/CLR
  -------------------------------------------------------------------    -------------------

Slack:                    inf
  Source:                 d_rst/btn_level_reg/C
                            (rising edge-triggered cell FDRE)
  Destination:            div/count_reg[20]/CLR
  Path Group:             (none)
  Path Type:              Min at Fast Process Corner
  Data Path Delay:        0.351ns  (logic 0.128ns (36.508%)  route 0.223ns (63.492%))
  Logic Levels:           1  (FDRE=1)

    Location             Delay type                Incr(ns)  Path(ns)    Netlist Resource(s)
  -------------------------------------------------------------------    -------------------
    SLICE_X4Y81          FDRE                         0.000     0.000 r  d_rst/btn_level_reg/C
    SLICE_X4Y81          FDRE (Prop_fdre_C_Q)         0.128     0.128 f  d_rst/btn_level_reg/Q
                         net (fo=36, routed)          0.223     0.351    div/rst
    SLICE_X2Y82          FDCE                                         f  div/count_reg[20]/CLR
  -------------------------------------------------------------------    -------------------

Slack:                    inf
  Source:                 d_rst/btn_level_reg/C
                            (rising edge-triggered cell FDRE)
  Destination:            div/count_reg[21]/CLR
  Path Group:             (none)
  Path Type:              Min at Fast Process Corner
  Data Path Delay:        0.351ns  (logic 0.128ns (36.508%)  route 0.223ns (63.492%))
  Logic Levels:           1  (FDRE=1)

    Location             Delay type                Incr(ns)  Path(ns)    Netlist Resource(s)
  -------------------------------------------------------------------    -------------------
    SLICE_X4Y81          FDRE                         0.000     0.000 r  d_rst/btn_level_reg/C
    SLICE_X4Y81          FDRE (Prop_fdre_C_Q)         0.128     0.128 f  d_rst/btn_level_reg/Q
                         net (fo=36, routed)          0.223     0.351    div/rst
    SLICE_X2Y82          FDCE                                         f  div/count_reg[21]/CLR
  -------------------------------------------------------------------    -------------------

Slack:                    inf
  Source:                 d_rst/btn_level_reg/C
                            (rising edge-triggered cell FDRE)
  Destination:            div/count_reg[22]/CLR
  Path Group:             (none)
  Path Type:              Min at Fast Process Corner
  Data Path Delay:        0.351ns  (logic 0.128ns (36.508%)  route 0.223ns (63.492%))
  Logic Levels:           1  (FDRE=1)

    Location             Delay type                Incr(ns)  Path(ns)    Netlist Resource(s)
  -------------------------------------------------------------------    -------------------
    SLICE_X4Y81          FDRE                         0.000     0.000 r  d_rst/btn_level_reg/C
    SLICE_X4Y81          FDRE (Prop_fdre_C_Q)         0.128     0.128 f  d_rst/btn_level_reg/Q
                         net (fo=36, routed)          0.223     0.351    div/rst
    SLICE_X2Y82          FDCE                                         f  div/count_reg[22]/CLR
  -------------------------------------------------------------------    -------------------

Slack:                    inf
  Source:                 d_rst/btn_level_reg/C
                            (rising edge-triggered cell FDRE)
  Destination:            div/count_reg[23]/CLR
  Path Group:             (none)
  Path Type:              Min at Fast Process Corner
  Data Path Delay:        0.351ns  (logic 0.128ns (36.508%)  route 0.223ns (63.492%))
  Logic Levels:           1  (FDRE=1)

    Location             Delay type                Incr(ns)  Path(ns)    Netlist Resource(s)
  -------------------------------------------------------------------    -------------------
    SLICE_X4Y81          FDRE                         0.000     0.000 r  d_rst/btn_level_reg/C
    SLICE_X4Y81          FDRE (Prop_fdre_C_Q)         0.128     0.128 f  d_rst/btn_level_reg/Q
                         net (fo=36, routed)          0.223     0.351    div/rst
    SLICE_X2Y82          FDCE                                         f  div/count_reg[23]/CLR
  -------------------------------------------------------------------    -------------------

Slack:                    inf
  Source:                 d_rst/btn_level_reg/C
                            (rising edge-triggered cell FDRE)
  Destination:            div/count_reg[12]/CLR
  Path Group:             (none)
  Path Type:              Min at Fast Process Corner
  Data Path Delay:        0.352ns  (logic 0.128ns (36.379%)  route 0.224ns (63.621%))
  Logic Levels:           1  (FDRE=1)

    Location             Delay type                Incr(ns)  Path(ns)    Netlist Resource(s)
  -------------------------------------------------------------------    -------------------
    SLICE_X4Y81          FDRE                         0.000     0.000 r  d_rst/btn_level_reg/C
    SLICE_X4Y81          FDRE (Prop_fdre_C_Q)         0.128     0.128 f  d_rst/btn_level_reg/Q
                         net (fo=36, routed)          0.224     0.352    div/rst
    SLICE_X2Y80          FDCE                                         f  div/count_reg[12]/CLR
  -------------------------------------------------------------------    -------------------





