Copyright 1986-2022 Xilinx, Inc. All Rights Reserved.
------------------------------------------------------------------------------------
| Tool Version : Vivado v.2022.2 (lin64) Build 3671981 Fri Oct 14 04:59:54 MDT 2022
| Date         : Sat May  9 02:31:50 2026
| Host         : banurea running 64-bit Zorin OS 18.1
| Command      : report_control_sets -verbose -file top_control_sets_placed.rpt
| Design       : top
| Device       : xc7a100t
------------------------------------------------------------------------------------

Control Set Information

Table of Contents
-----------------
1. Summary
2. Histogram
3. Flip-Flop Distribution
4. Detailed Control Set Information

1. Summary
----------

+----------------------------------------------------------+-------+
|                          Status                          | Count |
+----------------------------------------------------------+-------+
| Total control sets                                       |     5 |
|    Minimum number of control sets                        |     5 |
|    Addition due to synthesis replication                 |     0 |
|    Addition due to physical synthesis replication        |     0 |
| Unused register locations in slices containing registers |    24 |
+----------------------------------------------------------+-------+
* Control sets can be merged at opt_design using control_set_merge or merge_equivalent_drivers
** Run report_qor_suggestions for automated merging and remapping suggestions


2. Histogram
------------

+--------------------+-------+
|       Fanout       | Count |
+--------------------+-------+
| Total control sets |     5 |
| >= 0 to < 4        |     1 |
| >= 4 to < 6        |     0 |
| >= 6 to < 8        |     0 |
| >= 8 to < 10       |     0 |
| >= 10 to < 12      |     0 |
| >= 12 to < 14      |     0 |
| >= 14 to < 16      |     0 |
| >= 16              |     4 |
+--------------------+-------+
* Control sets can be remapped at either synth_design or opt_design


3. Flip-Flop Distribution
-------------------------

+--------------+-----------------------+------------------------+-----------------+--------------+
| Clock Enable | Synchronous Set/Reset | Asynchronous Set/Reset | Total Registers | Total Slices |
+--------------+-----------------------+------------------------+-----------------+--------------+
| No           | No                    | No                     |              52 |           15 |
| No           | No                    | Yes                    |              33 |           10 |
| No           | Yes                   | No                     |              40 |           10 |
| Yes          | No                    | No                     |               0 |            0 |
| Yes          | No                    | Yes                    |               3 |            1 |
| Yes          | Yes                   | No                     |               0 |            0 |
+--------------+-----------------------+------------------------+-----------------+--------------+


4. Detailed Control Set Information
-----------------------------------

+-----------------------+---------------+---------------------------+------------------+----------------+--------------+
|      Clock Signal     | Enable Signal |      Set/Reset Signal     | Slice Load Count | Bel Load Count | Bels / Slice |
+-----------------------+---------------+---------------------------+------------------+----------------+--------------+
|  clk_100MHz_IBUF_BUFG | d_ent/E[0]    | d_rst/rst                 |                1 |              3 |         3.00 |
|  clk_100MHz_IBUF_BUFG |               | d_ent/count[0]_i_1__0_n_0 |                5 |             20 |         4.00 |
|  clk_100MHz_IBUF_BUFG |               | d_rst/count[0]_i_1_n_0    |                5 |             20 |         4.00 |
|  clk_100MHz_IBUF_BUFG |               | d_rst/rst                 |               10 |             33 |         3.30 |
|  clk_100MHz_IBUF_BUFG |               |                           |               15 |             52 |         3.47 |
+-----------------------+---------------+---------------------------+------------------+----------------+--------------+


