
*** Running vivado
    with args -log top.vds -m64 -product Vivado -mode batch -messageDb vivado.pb -notrace -source top.tcl


****** Vivado v2022.2 (64-bit)
  **** SW Build 3671981 on Fri Oct 14 04:59:54 MDT 2022
  **** IP Build 3669848 on Fri Oct 14 08:30:02 MDT 2022
    ** Copyright 1986-2022 Xilinx, Inc. All Rights Reserved.

source top.tcl -notrace
Command: read_checkpoint -auto_incremental -incremental /home/ega/Documents/PrakSDL/FIX/FSM_Moore/Perc1_FSM_Moore/Perc1_FSM_Moore.srcs/utils_1/imports/synth_1/top.dcp
INFO: [Vivado 12-5825] Read reference checkpoint from /home/ega/Documents/PrakSDL/FIX/FSM_Moore/Perc1_FSM_Moore/Perc1_FSM_Moore.srcs/utils_1/imports/synth_1/top.dcp for incremental synthesis
INFO: [Vivado 12-7989] Please ensure there are no constraint changes
Command: synth_design -top top -part xc7a100tcsg324-1
Starting synth_design
Attempting to get a license for feature 'Synthesis' and/or device 'xc7a100t'
INFO: [Common 17-349] Got license for feature 'Synthesis' and/or device 'xc7a100t'
INFO: [Device 21-403] Loading part xc7a100tcsg324-1
INFO: [Designutils 20-5440] No compile time benefit to using incremental synthesis; A full resynthesis will be run
INFO: [Designutils 20-4379] Flow is switching to default flow due to incremental criteria not met. If you would like to alter this behaviour and have the flow terminate instead, please set the following parameter config_implementation {autoIncr.Synth.RejectBehavior Terminate}
INFO: [Synth 8-7079] Multithreading enabled for synth_design using a maximum of 4 processes.
INFO: [Synth 8-7078] Launching helper process for spawning children vivado processes
INFO: [Synth 8-7075] Helper process launched with PID 94030
INFO: [Synth 8-11241] undeclared symbol 'REGCCE', assumed default net type 'wire' [/tools/Xilinx/Vivado/2022.2/data/verilog/src/unimacro/BRAM_SINGLE_MACRO.v:2170]
---------------------------------------------------------------------------------
Starting RTL Elaboration : Time (s): cpu = 00:00:02 ; elapsed = 00:00:03 . Memory (MB): peak = 1960.492 ; gain = 373.738 ; free physical = 435 ; free virtual = 5913
Synthesis current peak Physical Memory [PSS] (MB): peak = 1472.500; parent = 1236.287; children = 236.213
Synthesis current peak Virtual Memory [VSS] (MB): peak = 2968.191; parent = 1960.496; children = 1007.695
---------------------------------------------------------------------------------
INFO: [Synth 8-6157] synthesizing module 'top' [/home/ega/Documents/PrakSDL/FIX/FSM_Moore/Perc1_FSM_Moore/Perc1_FSM_Moore.srcs/sources_1/new/top.v:1]
INFO: [Synth 8-6157] synthesizing module 'debouncer' [/home/ega/Documents/PrakSDL/FIX/FSM_Moore/Perc1_FSM_Moore/Perc1_FSM_Moore.srcs/sources_1/new/debouncer.v:1]
INFO: [Synth 8-6155] done synthesizing module 'debouncer' (0#1) [/home/ega/Documents/PrakSDL/FIX/FSM_Moore/Perc1_FSM_Moore/Perc1_FSM_Moore.srcs/sources_1/new/debouncer.v:1]
INFO: [Synth 8-6157] synthesizing module 'clock_divider' [/home/ega/Documents/PrakSDL/FIX/FSM_Moore/Perc1_FSM_Moore/Perc1_FSM_Moore.srcs/sources_1/new/clock_divider.v:1]
INFO: [Synth 8-6155] done synthesizing module 'clock_divider' (0#1) [/home/ega/Documents/PrakSDL/FIX/FSM_Moore/Perc1_FSM_Moore/Perc1_FSM_Moore.srcs/sources_1/new/clock_divider.v:1]
INFO: [Synth 8-6157] synthesizing module 'fsm_moore' [/home/ega/Documents/PrakSDL/FIX/FSM_Moore/Perc1_FSM_Moore/Perc1_FSM_Moore.srcs/sources_1/new/fsm_moore.v:1]
INFO: [Synth 8-226] default block is never used [/home/ega/Documents/PrakSDL/FIX/FSM_Moore/Perc1_FSM_Moore/Perc1_FSM_Moore.srcs/sources_1/new/fsm_moore.v:24]
INFO: [Synth 8-6155] done synthesizing module 'fsm_moore' (0#1) [/home/ega/Documents/PrakSDL/FIX/FSM_Moore/Perc1_FSM_Moore/Perc1_FSM_Moore.srcs/sources_1/new/fsm_moore.v:1]
INFO: [Synth 8-6157] synthesizing module 'display' [/home/ega/Documents/PrakSDL/FIX/FSM_Moore/Perc1_FSM_Moore/Perc1_FSM_Moore.srcs/sources_1/new/display.v:1]
INFO: [Synth 8-226] default block is never used [/home/ega/Documents/PrakSDL/FIX/FSM_Moore/Perc1_FSM_Moore/Perc1_FSM_Moore.srcs/sources_1/new/display.v:18]
INFO: [Synth 8-226] default block is never used [/home/ega/Documents/PrakSDL/FIX/FSM_Moore/Perc1_FSM_Moore/Perc1_FSM_Moore.srcs/sources_1/new/display.v:27]
INFO: [Synth 8-6155] done synthesizing module 'display' (0#1) [/home/ega/Documents/PrakSDL/FIX/FSM_Moore/Perc1_FSM_Moore/Perc1_FSM_Moore.srcs/sources_1/new/display.v:1]
INFO: [Synth 8-6155] done synthesizing module 'top' (0#1) [/home/ega/Documents/PrakSDL/FIX/FSM_Moore/Perc1_FSM_Moore/Perc1_FSM_Moore.srcs/sources_1/new/top.v:1]
WARNING: [Synth 8-6014] Unused sequential element btn_prev_reg was removed.  [/home/ega/Documents/PrakSDL/FIX/FSM_Moore/Perc1_FSM_Moore/Perc1_FSM_Moore.srcs/sources_1/new/debouncer.v:28]
---------------------------------------------------------------------------------
Finished RTL Elaboration : Time (s): cpu = 00:00:03 ; elapsed = 00:00:04 . Memory (MB): peak = 2026.461 ; gain = 439.707 ; free physical = 514 ; free virtual = 5993
Synthesis current peak Physical Memory [PSS] (MB): peak = 1472.500; parent = 1236.287; children = 236.213
Synthesis current peak Virtual Memory [VSS] (MB): peak = 3034.160; parent = 2026.465; children = 1007.695
---------------------------------------------------------------------------------
---------------------------------------------------------------------------------
Start Handling Custom Attributes
---------------------------------------------------------------------------------
---------------------------------------------------------------------------------
Finished Handling Custom Attributes : Time (s): cpu = 00:00:03 ; elapsed = 00:00:04 . Memory (MB): peak = 2044.273 ; gain = 457.520 ; free physical = 513 ; free virtual = 5992
Synthesis current peak Physical Memory [PSS] (MB): peak = 1472.500; parent = 1236.287; children = 236.213
Synthesis current peak Virtual Memory [VSS] (MB): peak = 3051.973; parent = 2044.277; children = 1007.695
---------------------------------------------------------------------------------
---------------------------------------------------------------------------------
Finished RTL Optimization Phase 1 : Time (s): cpu = 00:00:03 ; elapsed = 00:00:04 . Memory (MB): peak = 2044.273 ; gain = 457.520 ; free physical = 513 ; free virtual = 5992
Synthesis current peak Physical Memory [PSS] (MB): peak = 1472.500; parent = 1236.287; children = 236.213
Synthesis current peak Virtual Memory [VSS] (MB): peak = 3051.973; parent = 2044.277; children = 1007.695
---------------------------------------------------------------------------------
Netlist sorting complete. Time (s): cpu = 00:00:00 ; elapsed = 00:00:00 . Memory (MB): peak = 2044.273 ; gain = 0.000 ; free physical = 506 ; free virtual = 5985
INFO: [Project 1-570] Preparing netlist for logic optimization

Processing XDC Constraints
Initializing timing engine
Parsing XDC File [/home/ega/Documents/PrakSDL/FIX/FSM_Moore/Perc1_FSM_Moore/Perc1_FSM_Moore.srcs/constrs_1/new/constraint.xdc]
Finished Parsing XDC File [/home/ega/Documents/PrakSDL/FIX/FSM_Moore/Perc1_FSM_Moore/Perc1_FSM_Moore.srcs/constrs_1/new/constraint.xdc]
INFO: [Project 1-236] Implementation specific constraints were found while reading constraint file [/home/ega/Documents/PrakSDL/FIX/FSM_Moore/Perc1_FSM_Moore/Perc1_FSM_Moore.srcs/constrs_1/new/constraint.xdc]. These constraints will be ignored for synthesis but will be used in implementation. Impacted constraints are listed in the file [.Xil/top_propImpl.xdc].
Resolution: To avoid this warning, move constraints listed in [.Xil/top_propImpl.xdc] to another XDC file and exclude this new file from synthesis with the used_in_synthesis property (File Properties dialog in GUI) and re-run elaboration/synthesis.
Completed Processing XDC Constraints

Netlist sorting complete. Time (s): cpu = 00:00:00 ; elapsed = 00:00:00 . Memory (MB): peak = 2193.023 ; gain = 0.000 ; free physical = 434 ; free virtual = 5914
INFO: [Project 1-111] Unisim Transformation Summary:
No Unisim elements were transformed.

Constraint Validation Runtime : Time (s): cpu = 00:00:00 ; elapsed = 00:00:00 . Memory (MB): peak = 2193.023 ; gain = 0.000 ; free physical = 434 ; free virtual = 5914
INFO: [Designutils 20-5440] No compile time benefit to using incremental synthesis; A full resynthesis will be run
INFO: [Designutils 20-4379] Flow is switching to default flow due to incremental criteria not met. If you would like to alter this behaviour and have the flow terminate instead, please set the following parameter config_implementation {autoIncr.Synth.RejectBehavior Terminate}
INFO: [Synth 8-11241] undeclared symbol 'REGCCE', assumed default net type 'wire' [/tools/Xilinx/Vivado/2022.2/data/verilog/src/unimacro/BRAM_SINGLE_MACRO.v:2170]
---------------------------------------------------------------------------------
Finished Constraint Validation : Time (s): cpu = 00:00:07 ; elapsed = 00:00:08 . Memory (MB): peak = 2193.023 ; gain = 606.270 ; free physical = 483 ; free virtual = 5964
Synthesis current peak Physical Memory [PSS] (MB): peak = 1472.500; parent = 1236.287; children = 236.213
Synthesis current peak Virtual Memory [VSS] (MB): peak = 3168.707; parent = 2161.012; children = 1007.695
---------------------------------------------------------------------------------
---------------------------------------------------------------------------------
Start Loading Part and Timing Information
---------------------------------------------------------------------------------
Loading part: xc7a100tcsg324-1
---------------------------------------------------------------------------------
Finished Loading Part and Timing Information : Time (s): cpu = 00:00:07 ; elapsed = 00:00:08 . Memory (MB): peak = 2193.023 ; gain = 606.270 ; free physical = 483 ; free virtual = 5964
Synthesis current peak Physical Memory [PSS] (MB): peak = 1472.500; parent = 1236.287; children = 236.213
Synthesis current peak Virtual Memory [VSS] (MB): peak = 3168.707; parent = 2161.012; children = 1007.695
---------------------------------------------------------------------------------
---------------------------------------------------------------------------------
Start Applying 'set_property' XDC Constraints
---------------------------------------------------------------------------------
---------------------------------------------------------------------------------
Finished applying 'set_property' XDC Constraints : Time (s): cpu = 00:00:07 ; elapsed = 00:00:08 . Memory (MB): peak = 2193.023 ; gain = 606.270 ; free physical = 483 ; free virtual = 5964
Synthesis current peak Physical Memory [PSS] (MB): peak = 1472.500; parent = 1236.287; children = 236.213
Synthesis current peak Virtual Memory [VSS] (MB): peak = 3168.707; parent = 2161.012; children = 1007.695
---------------------------------------------------------------------------------
INFO: [Synth 8-802] inferred FSM for state register 'curr_reg' in module 'fsm_moore'
---------------------------------------------------------------------------------------------------
                   State |                     New Encoding |                Previous Encoding 
---------------------------------------------------------------------------------------------------
                      S0 |                               00 |                               00
                      S1 |                               01 |                               01
                      S2 |                               10 |                               10
                      S3 |                               11 |                               11
---------------------------------------------------------------------------------------------------
INFO: [Synth 8-3354] encoded FSM with state register 'curr_reg' using encoding 'sequential' in module 'fsm_moore'
---------------------------------------------------------------------------------
Finished RTL Optimization Phase 2 : Time (s): cpu = 00:00:07 ; elapsed = 00:00:08 . Memory (MB): peak = 2193.023 ; gain = 606.270 ; free physical = 473 ; free virtual = 5954
Synthesis current peak Physical Memory [PSS] (MB): peak = 1472.500; parent = 1236.287; children = 236.213
Synthesis current peak Virtual Memory [VSS] (MB): peak = 3168.707; parent = 2161.012; children = 1007.695
---------------------------------------------------------------------------------
---------------------------------------------------------------------------------
Start RTL Component Statistics 
---------------------------------------------------------------------------------
Detailed RTL Component Info : 
+---Registers : 
	                1 Bit    Registers := 7     
+---Muxes : 
	  13 Input    7 Bit        Muxes := 1     
	   4 Input    2 Bit        Muxes := 1     
	   2 Input    2 Bit        Muxes := 4     
	   2 Input    1 Bit        Muxes := 1     
---------------------------------------------------------------------------------
Finished RTL Component Statistics 
---------------------------------------------------------------------------------
---------------------------------------------------------------------------------
Start Part Resource Summary
---------------------------------------------------------------------------------
Part Resources:
DSPs: 240 (col length:80)
BRAMs: 270 (col length: RAMB18 80 RAMB36 40)
---------------------------------------------------------------------------------
Finished Part Resource Summary
---------------------------------------------------------------------------------
---------------------------------------------------------------------------------
Start Cross Boundary and Area Optimization
---------------------------------------------------------------------------------
WARNING: [Synth 8-7080] Parallel synthesis criteria is not met
---------------------------------------------------------------------------------
Finished Cross Boundary and Area Optimization : Time (s): cpu = 00:00:08 ; elapsed = 00:00:09 . Memory (MB): peak = 2193.023 ; gain = 606.270 ; free physical = 486 ; free virtual = 5973
Synthesis current peak Physical Memory [PSS] (MB): peak = 1472.500; parent = 1236.287; children = 236.213
Synthesis current peak Virtual Memory [VSS] (MB): peak = 3168.707; parent = 2161.012; children = 1007.695
---------------------------------------------------------------------------------
---------------------------------------------------------------------------------
Start Applying XDC Timing Constraints
---------------------------------------------------------------------------------
---------------------------------------------------------------------------------
Finished Applying XDC Timing Constraints : Time (s): cpu = 00:00:10 ; elapsed = 00:00:12 . Memory (MB): peak = 2193.023 ; gain = 606.270 ; free physical = 379 ; free virtual = 5868
Synthesis current peak Physical Memory [PSS] (MB): peak = 1563.586; parent = 1327.415; children = 236.213
Synthesis current peak Virtual Memory [VSS] (MB): peak = 3168.707; parent = 2161.012; children = 1007.695
---------------------------------------------------------------------------------
---------------------------------------------------------------------------------
Start Timing Optimization
---------------------------------------------------------------------------------
---------------------------------------------------------------------------------
Finished Timing Optimization : Time (s): cpu = 00:00:10 ; elapsed = 00:00:12 . Memory (MB): peak = 2193.023 ; gain = 606.270 ; free physical = 361 ; free virtual = 5851
Synthesis current peak Physical Memory [PSS] (MB): peak = 1564.859; parent = 1328.688; children = 236.213
Synthesis current peak Virtual Memory [VSS] (MB): peak = 3168.707; parent = 2161.012; children = 1007.695
---------------------------------------------------------------------------------
---------------------------------------------------------------------------------
Start Technology Mapping
---------------------------------------------------------------------------------
---------------------------------------------------------------------------------
Finished Technology Mapping : Time (s): cpu = 00:00:10 ; elapsed = 00:00:12 . Memory (MB): peak = 2193.023 ; gain = 606.270 ; free physical = 362 ; free virtual = 5852
Synthesis current peak Physical Memory [PSS] (MB): peak = 1565.102; parent = 1328.931; children = 236.213
Synthesis current peak Virtual Memory [VSS] (MB): peak = 3168.707; parent = 2161.012; children = 1007.695
---------------------------------------------------------------------------------
---------------------------------------------------------------------------------
Start IO Insertion
---------------------------------------------------------------------------------
---------------------------------------------------------------------------------
Start Flattening Before IO Insertion
---------------------------------------------------------------------------------
---------------------------------------------------------------------------------
Finished Flattening Before IO Insertion
---------------------------------------------------------------------------------
---------------------------------------------------------------------------------
Start Final Netlist Cleanup
---------------------------------------------------------------------------------
---------------------------------------------------------------------------------
Finished Final Netlist Cleanup
---------------------------------------------------------------------------------
---------------------------------------------------------------------------------
Finished IO Insertion : Time (s): cpu = 00:00:13 ; elapsed = 00:00:14 . Memory (MB): peak = 2193.023 ; gain = 606.270 ; free physical = 371 ; free virtual = 5860
Synthesis current peak Physical Memory [PSS] (MB): peak = 1565.258; parent = 1329.087; children = 236.213
Synthesis current peak Virtual Memory [VSS] (MB): peak = 3168.707; parent = 2161.012; children = 1007.695
---------------------------------------------------------------------------------
---------------------------------------------------------------------------------
Start Renaming Generated Instances
---------------------------------------------------------------------------------
---------------------------------------------------------------------------------
Finished Renaming Generated Instances : Time (s): cpu = 00:00:13 ; elapsed = 00:00:14 . Memory (MB): peak = 2193.023 ; gain = 606.270 ; free physical = 371 ; free virtual = 5860
Synthesis current peak Physical Memory [PSS] (MB): peak = 1565.273; parent = 1329.103; children = 236.213
Synthesis current peak Virtual Memory [VSS] (MB): peak = 3168.707; parent = 2161.012; children = 1007.695
---------------------------------------------------------------------------------
---------------------------------------------------------------------------------
Start Rebuilding User Hierarchy
---------------------------------------------------------------------------------
---------------------------------------------------------------------------------
Finished Rebuilding User Hierarchy : Time (s): cpu = 00:00:13 ; elapsed = 00:00:14 . Memory (MB): peak = 2193.023 ; gain = 606.270 ; free physical = 371 ; free virtual = 5860
Synthesis current peak Physical Memory [PSS] (MB): peak = 1565.289; parent = 1329.118; children = 236.213
Synthesis current peak Virtual Memory [VSS] (MB): peak = 3168.707; parent = 2161.012; children = 1007.695
---------------------------------------------------------------------------------
---------------------------------------------------------------------------------
Start Renaming Generated Ports
---------------------------------------------------------------------------------
---------------------------------------------------------------------------------
Finished Renaming Generated Ports : Time (s): cpu = 00:00:13 ; elapsed = 00:00:14 . Memory (MB): peak = 2193.023 ; gain = 606.270 ; free physical = 371 ; free virtual = 5860
Synthesis current peak Physical Memory [PSS] (MB): peak = 1565.367; parent = 1329.196; children = 236.213
Synthesis current peak Virtual Memory [VSS] (MB): peak = 3168.707; parent = 2161.012; children = 1007.695
---------------------------------------------------------------------------------
---------------------------------------------------------------------------------
Start Handling Custom Attributes
---------------------------------------------------------------------------------
---------------------------------------------------------------------------------
Finished Handling Custom Attributes : Time (s): cpu = 00:00:13 ; elapsed = 00:00:14 . Memory (MB): peak = 2193.023 ; gain = 606.270 ; free physical = 371 ; free virtual = 5860
Synthesis current peak Physical Memory [PSS] (MB): peak = 1565.367; parent = 1329.196; children = 236.213
Synthesis current peak Virtual Memory [VSS] (MB): peak = 3168.707; parent = 2161.012; children = 1007.695
---------------------------------------------------------------------------------
---------------------------------------------------------------------------------
Start Renaming Generated Nets
---------------------------------------------------------------------------------
---------------------------------------------------------------------------------
Finished Renaming Generated Nets : Time (s): cpu = 00:00:13 ; elapsed = 00:00:14 . Memory (MB): peak = 2193.023 ; gain = 606.270 ; free physical = 373 ; free virtual = 5863
Synthesis current peak Physical Memory [PSS] (MB): peak = 1565.383; parent = 1329.212; children = 236.213
Synthesis current peak Virtual Memory [VSS] (MB): peak = 3168.707; parent = 2161.012; children = 1007.695
---------------------------------------------------------------------------------
---------------------------------------------------------------------------------
Start Writing Synthesis Report
---------------------------------------------------------------------------------

Report BlackBoxes: 
+-+--------------+----------+
| |BlackBox name |Instances |
+-+--------------+----------+
+-+--------------+----------+

Report Cell Usage: 
+------+-------+------+
|      |Cell   |Count |
+------+-------+------+
|1     |BUFG   |     1|
|2     |CARRY4 |    17|
|3     |LUT1   |     2|
|4     |LUT2   |     3|
|5     |LUT3   |    10|
|6     |LUT4   |     7|
|7     |LUT5   |     6|
|8     |LUT6   |    35|
|9     |FDCE   |    32|
|10    |FDRE   |    41|
|11    |IBUF   |     3|
|12    |OBUF   |    17|
+------+-------+------+
---------------------------------------------------------------------------------
Finished Writing Synthesis Report : Time (s): cpu = 00:00:13 ; elapsed = 00:00:14 . Memory (MB): peak = 2193.023 ; gain = 606.270 ; free physical = 375 ; free virtual = 5864
Synthesis current peak Physical Memory [PSS] (MB): peak = 1565.414; parent = 1329.243; children = 236.213
Synthesis current peak Virtual Memory [VSS] (MB): peak = 3168.707; parent = 2161.012; children = 1007.695
---------------------------------------------------------------------------------
Synthesis finished with 0 errors, 0 critical warnings and 1 warnings.
Synthesis Optimization Runtime : Time (s): cpu = 00:00:12 ; elapsed = 00:00:13 . Memory (MB): peak = 2193.023 ; gain = 457.520 ; free physical = 431 ; free virtual = 5921
Synthesis Optimization Complete : Time (s): cpu = 00:00:13 ; elapsed = 00:00:14 . Memory (MB): peak = 2193.023 ; gain = 606.270 ; free physical = 431 ; free virtual = 5921
INFO: [Project 1-571] Translating synthesized netlist
Netlist sorting complete. Time (s): cpu = 00:00:00 ; elapsed = 00:00:00 . Memory (MB): peak = 2193.023 ; gain = 0.000 ; free physical = 523 ; free virtual = 6013
INFO: [Netlist 29-17] Analyzing 17 Unisim elements for replacement
INFO: [Netlist 29-28] Unisim Transformation completed in 2 CPU seconds
INFO: [Project 1-570] Preparing netlist for logic optimization
INFO: [Opt 31-138] Pushed 0 inverter(s) to 0 load pin(s).
Netlist sorting complete. Time (s): cpu = 00:00:00 ; elapsed = 00:00:00 . Memory (MB): peak = 2193.023 ; gain = 0.000 ; free physical = 483 ; free virtual = 5973
INFO: [Project 1-111] Unisim Transformation Summary:
No Unisim elements were transformed.

Synth Design complete, checksum: bc8e459b
INFO: [Common 17-83] Releasing license: Synthesis
38 Infos, 2 Warnings, 0 Critical Warnings and 0 Errors encountered.
synth_design completed successfully
synth_design: Time (s): cpu = 00:00:17 ; elapsed = 00:00:17 . Memory (MB): peak = 2193.023 ; gain = 921.402 ; free physical = 680 ; free virtual = 6169
INFO: [Common 17-1381] The checkpoint '/home/ega/Documents/PrakSDL/FIX/FSM_Moore/Perc1_FSM_Moore/Perc1_FSM_Moore.runs/synth_1/top.dcp' has been generated.
INFO: [runtcl-4] Executing : report_utilization -file top_utilization_synth.rpt -pb top_utilization_synth.pb
INFO: [Common 17-206] Exiting Vivado at Fri May  8 23:51:09 2026...
